2025-06-15 09:37:40,793 P1732 [INFO] ************************************************************
2025-06-15 09:37:40,793 P1732 [INFO] ConfigSet _OnInstanceBoot
2025-06-15 09:37:40,796 P1732 [INFO] ++++++++++++++++++++++++++++++++++++++++++++++++++++++++++++
2025-06-15 09:37:40,797 P1732 [INFO] Config AWSEBBaseConfig
2025-06-15 09:37:41,167 P1732 [INFO] ============================================================
2025-06-15 09:37:41,167 P1732 [INFO] Command clearbackupfiles
2025-06-15 09:37:41,179 P1732 [INFO] Completed successfully.
2025-06-15 09:37:41,192 P1732 [INFO] ++++++++++++++++++++++++++++++++++++++++++++++++++++++++++++
2025-06-15 09:37:41,192 P1732 [INFO] Config AWSEBCfnHupEndpointOverride
2025-06-15 09:37:41,193 P1732 [INFO] ============================================================
2025-06-15 09:37:41,193 P1732 [INFO] Command clearbackupfiles
2025-06-15 09:37:41,201 P1732 [INFO] Completed successfully.
2025-06-15 09:38:00,135 P1914 [INFO] ************************************************************
2025-06-15 09:38:00,135 P1914 [INFO] ConfigSet Infra-EmbeddedPreBuild
2025-06-15 09:38:02,337 P1934 [INFO] ************************************************************
2025-06-15 09:38:02,337 P1934 [INFO] ConfigSet Infra-EmbeddedPostBuild
2025-06-15 09:48:56,719 P2553 [INFO] ************************************************************
2025-06-15 09:48:56,720 P2553 [INFO] ConfigSet Infra-EmbeddedPreBuild
2025-06-15 09:48:58,674 P2574 [INFO] ************************************************************
2025-06-15 09:48:58,674 P2574 [INFO] ConfigSet Infra-EmbeddedPostBuild
